This file contains any messages produced by compilers while
running configure, to aid debugging if configure makes a mistake.

It was created by opentee configure 0.0.0, which was
generated by GNU Autoconf 2.69.  Invocation command line was

  $ ./configure 

## --------- ##
## Platform. ##
## --------- ##

hostname = nicolas-HP-Pavilion-Laptop-15-cw1xxx
uname -m = x86_64
uname -r = 5.15.0-134-generic
uname -s = Linux
uname -v = #145~20.04.1-Ubuntu SMP Mon Feb 17 13:27:16 UTC 2025

/usr/bin/uname -p = x86_64
/bin/uname -X     = unknown

/bin/arch              = x86_64
/usr/bin/arch -k       = unknown
/usr/convex/getsysinfo = unknown
/usr/bin/hostinfo      = unknown
/bin/machine           = unknown
/usr/bin/oslevel       = unknown
/bin/universe          = unknown

PATH: /opt/ros/noetic/bin
PATH: /home/nicolas/bin
PATH: /usr/local/sbin
PATH: /usr/local/bin
PATH: /usr/sbin
PATH: /usr/bin
PATH: /sbin
PATH: /bin
PATH: /usr/games
PATH: /usr/local/games
PATH: /snap/bin


## ----------- ##
## Core tests. ##
## ----------- ##

configure:1769: checking for a BSD-compatible install
configure:1837: result: /usr/bin/install -c
configure:1848: checking whether build environment is sane
configure:1903: result: yes
configure:2052: checking for a thread-safe mkdir -p
configure:2091: result: /usr/bin/mkdir -p
configure:2098: checking for gawk
configure:2128: result: no
configure:2098: checking for mawk
configure:2114: found /usr/bin/mawk
configure:2125: result: mawk
configure:2136: checking whether make sets $(MAKE)
configure:2158: result: yes
configure:2187: checking whether make supports nested variables
configure:2204: result: yes
configure:2479: checking that generated files are newer than configure
configure:2485: result: done
configure:2493: creating ./config.status

## ---------------------- ##
## Running config.status. ##
## ---------------------- ##

This file was extended by opentee config.status 0.0.0, which was
generated by GNU Autoconf 2.69.  Invocation command line was

  CONFIG_FILES    = 
  CONFIG_HEADERS  = 
  CONFIG_LINKS    = 
  CONFIG_COMMANDS = 
  $ ./config.status 

on nicolas-HP-Pavilion-Laptop-15-cw1xxx

config.status:741: creating Makefile
configure:3579: === configuring in emulator (/home/nicolas/opentee/emulator)
configure:3642: running /bin/bash ./configure --disable-option-checking '--prefix=/usr/local'  --cache-file=/dev/null --srcdir=.
configure:3579: === configuring in libtee (/home/nicolas/opentee/libtee)
configure:3642: running /bin/bash ./configure --disable-option-checking '--prefix=/usr/local'  --cache-file=/dev/null --srcdir=.
configure:3579: === configuring in libtee_pkcs11 (/home/nicolas/opentee/libtee_pkcs11)
configure:3642: running /bin/bash ./configure --disable-option-checking '--prefix=/usr/local'  --cache-file=/dev/null --srcdir=.
configure:3579: === configuring in libomnishare (/home/nicolas/opentee/libomnishare)
configure:3642: running /bin/bash ./configure --disable-option-checking '--prefix=/usr/local'  --cache-file=/dev/null --srcdir=.
configure:3579: === configuring in tests (/home/nicolas/opentee/tests)
configure:3642: running /bin/bash ./configure --disable-option-checking '--prefix=/usr/local'  --cache-file=/dev/null --srcdir=.
configure:3579: === configuring in CAs (/home/nicolas/opentee/CAs)
configure:3642: running /bin/bash ./configure --disable-option-checking '--prefix=/usr/local'  --cache-file=/dev/null --srcdir=.
configure:3579: === configuring in TAs (/home/nicolas/opentee/TAs)
configure:3642: running /bin/bash ./configure --disable-option-checking '--prefix=/usr/local'  --cache-file=/dev/null --srcdir=.

## ---------------- ##
## Cache variables. ##
## ---------------- ##

ac_cv_env_build_alias_set=
ac_cv_env_build_alias_value=
ac_cv_env_host_alias_set=
ac_cv_env_host_alias_value=
ac_cv_env_target_alias_set=
ac_cv_env_target_alias_value=
ac_cv_path_install='/usr/bin/install -c'
ac_cv_path_mkdir=/usr/bin/mkdir
ac_cv_prog_AWK=mawk
ac_cv_prog_make_make_set=yes
am_cv_make_support_nested_variables=yes

## ----------------- ##
## Output variables. ##
## ----------------- ##

ACLOCAL='${SHELL} /home/nicolas/opentee/missing aclocal-1.16'
AMTAR='$${TAR-tar}'
AM_BACKSLASH='\'
AM_DEFAULT_V='$(AM_DEFAULT_VERBOSITY)'
AM_DEFAULT_VERBOSITY='1'
AM_V='$(V)'
AUTOCONF='${SHELL} /home/nicolas/opentee/missing autoconf'
AUTOHEADER='${SHELL} /home/nicolas/opentee/missing autoheader'
AUTOMAKE='${SHELL} /home/nicolas/opentee/missing automake-1.16'
AWK='mawk'
CYGPATH_W='echo'
DEFS='-DPACKAGE_NAME=\"opentee\" -DPACKAGE_TARNAME=\"opentee\" -DPACKAGE_VERSION=\"0.0.0\" -DPACKAGE_STRING=\"opentee\ 0.0.0\" -DPACKAGE_BUGREPORT=\"https://github.com/Open-TEE/project/issues\" -DPACKAGE_URL=\"https://github.com/Open-TEE\" -DPACKAGE=\"opentee\" -DVERSION=\"0.0.0\"'
ECHO_C=''
ECHO_N='-n'
ECHO_T=''
INSTALL_DATA='${INSTALL} -m 644'
INSTALL_PROGRAM='${INSTALL}'
INSTALL_SCRIPT='${INSTALL}'
INSTALL_STRIP_PROGRAM='$(install_sh) -c -s'
LIBOBJS=''
LIBS=''
LTLIBOBJS=''
MAKEINFO='${SHELL} /home/nicolas/opentee/missing makeinfo'
MKDIR_P='/usr/bin/mkdir -p'
PACKAGE='opentee'
PACKAGE_BUGREPORT='https://github.com/Open-TEE/project/issues'
PACKAGE_NAME='opentee'
PACKAGE_STRING='opentee 0.0.0'
PACKAGE_TARNAME='opentee'
PACKAGE_URL='https://github.com/Open-TEE'
PACKAGE_VERSION='0.0.0'
PATH_SEPARATOR=':'
SET_MAKE=''
SHELL='/bin/bash'
STRIP=''
VERSION='0.0.0'
am__isrc=''
am__leading_dot='.'
am__tar='$${TAR-tar} chof - "$$tardir"'
am__untar='$${TAR-tar} xf -'
bindir='${exec_prefix}/bin'
build_alias=''
datadir='${datarootdir}'
datarootdir='${prefix}/share'
docdir='${datarootdir}/doc/${PACKAGE_TARNAME}'
dvidir='${docdir}'
exec_prefix='${prefix}'
host_alias=''
htmldir='${docdir}'
includedir='${prefix}/include'
infodir='${datarootdir}/info'
install_sh='${SHELL} /home/nicolas/opentee/install-sh'
libdir='${exec_prefix}/lib'
libexecdir='${exec_prefix}/libexec'
localedir='${datarootdir}/locale'
localstatedir='${prefix}/var'
mandir='${datarootdir}/man'
mkdir_p='$(MKDIR_P)'
oldincludedir='/usr/include'
pdfdir='${docdir}'
prefix='/usr/local'
program_transform_name='s,x,x,'
psdir='${docdir}'
runstatedir='${localstatedir}/run'
sbindir='${exec_prefix}/sbin'
sharedstatedir='${prefix}/com'
subdirs=' emulator libtee libtee_pkcs11 libomnishare tests CAs TAs'
sysconfdir='${prefix}/etc'
target_alias=''

## ----------- ##
## confdefs.h. ##
## ----------- ##

/* confdefs.h */
#define PACKAGE_NAME "opentee"
#define PACKAGE_TARNAME "opentee"
#define PACKAGE_VERSION "0.0.0"
#define PACKAGE_STRING "opentee 0.0.0"
#define PACKAGE_BUGREPORT "https://github.com/Open-TEE/project/issues"
#define PACKAGE_URL "https://github.com/Open-TEE"
#define PACKAGE "opentee"
#define VERSION "0.0.0"

configure: exit 0
