This file contains any messages produced by compilers while
running configure, to aid debugging if configure makes a mistake.

It was created by CAs configure 0.0.0, which was
generated by GNU Autoconf 2.69.  Invocation command line was

  $ ../../CAs/configure --disable-option-checking --prefix=/opt/OpenTee --cache-file=/dev/null --srcdir=../../CAs

## --------- ##
## Platform. ##
## --------- ##

hostname = nicolas-HP-Pavilion-Laptop-15-cw1xxx
uname -m = x86_64
uname -r = 5.15.0-134-generic
uname -s = Linux
uname -v = #145~20.04.1-Ubuntu SMP Mon Feb 17 13:27:16 UTC 2025

/usr/bin/uname -p = x86_64
/bin/uname -X     = unknown

/bin/arch              = x86_64
/usr/bin/arch -k       = unknown
/usr/convex/getsysinfo = unknown
/usr/bin/hostinfo      = unknown
/bin/machine           = unknown
/usr/bin/oslevel       = unknown
/bin/universe          = unknown

PATH: /usr/bin
PATH: /usr/bin/arm-linux-gnueabihf-gcc


## ----------- ##
## Core tests. ##
## ----------- ##

configure:2284: checking for a BSD-compatible install
configure:2352: result: /usr/bin/install -c
configure:2363: checking whether build environment is sane
configure:2418: result: yes
configure:2567: checking for a thread-safe mkdir -p
configure:2606: result: /usr/bin/mkdir -p
configure:2613: checking for gawk
configure:2643: result: no
configure:2613: checking for mawk
configure:2629: found /usr/bin/mawk
configure:2640: result: mawk
configure:2651: checking whether make sets $(MAKE)
configure:2673: result: yes
configure:2702: checking whether make supports nested variables
configure:2719: result: yes
configure:2897: checking for gcc
configure:2913: found /usr/bin/gcc
configure:2924: result: gcc
configure:3153: checking for C compiler version
configure:3162: gcc --version >&5
gcc (Ubuntu 9.4.0-1ubuntu1~20.04.2) 9.4.0
Copyright (C) 2019 Free Software Foundation, Inc.
This is free software; see the source for copying conditions.  There is NO
warranty; not even for MERCHANTABILITY or FITNESS FOR A PARTICULAR PURPOSE.

configure:3173: $? = 0
configure:3162: gcc -v >&5
Using built-in specs.
COLLECT_GCC=gcc
COLLECT_LTO_WRAPPER=/usr/lib/gcc/x86_64-linux-gnu/9/lto-wrapper
OFFLOAD_TARGET_NAMES=nvptx-none:hsa
OFFLOAD_TARGET_DEFAULT=1
Target: x86_64-linux-gnu
Configured with: ../src/configure -v --with-pkgversion='Ubuntu 9.4.0-1ubuntu1~20.04.2' --with-bugurl=file:///usr/share/doc/gcc-9/README.Bugs --enable-languages=c,ada,c++,go,brig,d,fortran,objc,obj-c++,gm2 --prefix=/usr --with-gcc-major-version-only --program-suffix=-9 --program-prefix=x86_64-linux-gnu- --enable-shared --enable-linker-build-id --libexecdir=/usr/lib --without-included-gettext --enable-threads=posix --libdir=/usr/lib --enable-nls --enable-clocale=gnu --enable-libstdcxx-debug --enable-libstdcxx-time=yes --with-default-libstdcxx-abi=new --enable-gnu-unique-object --disable-vtable-verify --enable-plugin --enable-default-pie --with-system-zlib --with-target-system-zlib=auto --enable-objc-gc=auto --enable-multiarch --disable-werror --with-arch-32=i686 --with-abi=m64 --with-multilib-list=m32,m64,mx32 --enable-multilib --with-tune=generic --enable-offload-targets=nvptx-none=/build/gcc-9-9QDOt0/gcc-9-9.4.0/debian/tmp-nvptx/usr,hsa --without-cuda-driver --enable-checking=release --build=x86_64-linux-gnu --host=x86_64-linux-gnu --target=x86_64-linux-gnu
Thread model: posix
gcc version 9.4.0 (Ubuntu 9.4.0-1ubuntu1~20.04.2) 
configure:3173: $? = 0
configure:3162: gcc -V >&5
gcc: error: unrecognized command line option '-V'
gcc: fatal error: no input files
compilation terminated.
configure:3173: $? = 1
configure:3162: gcc -qversion >&5
gcc: error: unrecognized command line option '-qversion'; did you mean '--version'?
gcc: fatal error: no input files
compilation terminated.
configure:3173: $? = 1
configure:3193: checking whether the C compiler works
configure:3215: gcc    conftest.c  >&5
configure:3219: $? = 0
configure:3267: result: yes
configure:3270: checking for C compiler default output file name
configure:3272: result: a.out
configure:3278: checking for suffix of executables
configure:3285: gcc -o conftest    conftest.c  >&5
configure:3289: $? = 0
configure:3311: result: 
configure:3333: checking whether we are cross compiling
configure:3341: gcc -o conftest    conftest.c  >&5
configure:3345: $? = 0
configure:3352: ./conftest
configure:3356: $? = 0
configure:3344: result: no
configure:3349: checking for suffix of object files
configure:3371: gcc -c   conftest.c >&5
configure:3375: $? = 0
configure:3396: result: o
configure:3400: checking whether we are using the GNU C compiler
configure:3419: gcc -c   conftest.c >&5
configure:3419: $? = 0
configure:3428: result: yes
configure:3437: checking whether gcc accepts -g
configure:3457: gcc -c -g  conftest.c >&5
configure:3457: $? = 0
configure:3498: result: yes
configure:3515: checking for gcc option to accept ISO C89
configure:3578: gcc  -c -g -O2  conftest.c >&5
configure:3578: $? = 0
configure:3591: result: none needed
configure:3616: checking whether gcc understands -c and -o together
configure:3638: gcc -c conftest.c -o conftest2.o
configure:3641: $? = 0
configure:3638: gcc -c conftest.c -o conftest2.o
configure:3641: $? = 0
configure:3653: result: yes
configure:3673: checking whether make supports the include directive
configure:3688: make -f confmf.GNU && cat confinc.out
this is the am__doit target
configure:3691: $? = 0
configure:3710: result: yes (GNU style)
configure:3735: checking dependency style of gcc
configure:3846: result: gcc3
configure:3890: checking build system type
configure:3904: result: x86_64-pc-linux-gnu
configure:3924: checking host system type
configure:3937: result: x86_64-pc-linux-gnu
configure:3978: checking how to print strings
configure:4005: result: printf
configure:4026: checking for a sed that does not truncate output
configure:4090: result: /usr/bin/sed
configure:4108: checking for grep that handles long lines and -e
configure:4166: result: /usr/bin/grep
configure:4171: checking for egrep
configure:4233: result: /usr/bin/grep -E
configure:4238: checking for fgrep
configure:4300: result: /usr/bin/grep -F
configure:4335: checking for ld used by gcc
configure:4402: result: /usr/bin/ld
configure:4409: checking if the linker (/usr/bin/ld) is GNU ld
configure:4424: result: yes
configure:4436: checking for BSD- or MS-compatible name lister (nm)
configure:4490: result: /usr/bin/nm -B
configure:4620: checking the name lister (/usr/bin/nm -B) interface
configure:4627: gcc -c -g -O2  conftest.c >&5
configure:4630: /usr/bin/nm -B "conftest.o"
configure:4633: output
0000000000000000 B some_variable
configure:4634: result: BSD nm
configure:4637: checking whether ln -s works
configure:4641: result: yes
configure:4649: checking the maximum length of command line arguments
configure:4780: result: 1572864
configure:4828: checking how to convert x86_64-pc-linux-gnu file names to x86_64-pc-linux-gnu format
configure:4868: result: func_convert_file_noop
configure:4875: checking how to convert x86_64-pc-linux-gnu file names to toolchain format
configure:4895: result: func_convert_file_noop
configure:4902: checking for /usr/bin/ld option to reload object files
configure:4909: result: -r
configure:4983: checking for objdump
configure:4999: found /usr/bin/objdump
configure:5010: result: objdump
configure:5042: checking how to recognize dependent libraries
configure:5242: result: pass_all
configure:5327: checking for dlltool
configure:5357: result: no
configure:5387: checking how to associate runtime and link libraries
configure:5414: result: printf %s\n
configure:5475: checking for ar
configure:5491: found /usr/bin/ar
configure:5502: result: ar
configure:5539: checking for archiver @FILE support
configure:5556: gcc -c -g -O2  conftest.c >&5
configure:5556: $? = 0
configure:5559: ar cr libconftest.a @conftest.lst >&5
configure:5562: $? = 0
configure:5567: ar cr libconftest.a @conftest.lst >&5
ar: conftest.o: No such file or directory
configure:5570: $? = 1
configure:5569: result: @
configure:5627: checking for strip
configure:5643: found /usr/bin/strip
configure:5654: result: strip
configure:5726: checking for ranlib
configure:5742: found /usr/bin/ranlib
configure:5753: result: ranlib
configure:5855: checking command to parse /usr/bin/nm -B output from gcc object
configure:6008: gcc -c -g -O2  conftest.c >&5
configure:6011: $? = 0
configure:6015: /usr/bin/nm -B conftest.o | sed -n -e 's/^.*[	 ]\([ABCDGIRSTW][ABCDGIRSTW]*\)[	 ][	 ]*\([_A-Za-z][_A-Za-z0-9]*\)$/\1 \2 \2/p' | sed '/ __gnu_lto/d' > conftest.nm
configure:6081: gcc -o conftest -g -O2   conftest.c conftstm.o >&5
configure:6084: $? = 0
configure:6122: result: ok
configure:6169: checking for sysroot
configure:6199: result: no
configure:6206: checking for a working dd
configure:6244: result: /usr/bin/dd
configure:6248: checking how to truncate binary pipes
configure:6263: result: /usr/bin/dd bs=4096 count=1
configure:6399: gcc -c -g -O2  conftest.c >&5
configure:6402: $? = 0
configure:6592: checking for mt
configure:6608: found /usr/bin/mt
configure:6619: result: mt
configure:6642: checking if mt is a manifest tool
configure:6648: mt '-?'
configure:6656: result: no
configure:7333: checking how to run the C preprocessor
configure:7364: gcc -E  conftest.c
configure:7364: $? = 0
configure:7378: gcc -E  conftest.c
conftest.c:11:10: fatal error: ac_nonexistent.h: No such file or directory
   11 | #include <ac_nonexistent.h>
      |          ^~~~~~~~~~~~~~~~~~
compilation terminated.
configure:7378: $? = 1
configure: failed program was:
| /* confdefs.h */
| #define PACKAGE_NAME "CAs"
| #define PACKAGE_TARNAME "CAs"
| #define PACKAGE_VERSION "0.0.0"
| #define PACKAGE_STRING "CAs 0.0.0"
| #define PACKAGE_BUGREPORT "https://github.com/Open-TEE/CAs/issues"
| #define PACKAGE_URL "https://github.com/Open-TEE"
| #define PACKAGE "CAs"
| #define VERSION "0.0.0"
| /* end confdefs.h.  */
| #include <ac_nonexistent.h>
configure:7403: result: gcc -E
configure:7423: gcc -E  conftest.c
configure:7423: $? = 0
configure:7437: gcc -E  conftest.c
conftest.c:11:10: fatal error: ac_nonexistent.h: No such file or directory
   11 | #include <ac_nonexistent.h>
      |          ^~~~~~~~~~~~~~~~~~
compilation terminated.
configure:7437: $? = 1
configure: failed program was:
| /* confdefs.h */
| #define PACKAGE_NAME "CAs"
| #define PACKAGE_TARNAME "CAs"
| #define PACKAGE_VERSION "0.0.0"
| #define PACKAGE_STRING "CAs 0.0.0"
| #define PACKAGE_BUGREPORT "https://github.com/Open-TEE/CAs/issues"
| #define PACKAGE_URL "https://github.com/Open-TEE"
| #define PACKAGE "CAs"
| #define VERSION "0.0.0"
| /* end confdefs.h.  */
| #include <ac_nonexistent.h>
configure:7466: checking for ANSI C header files
configure:7486: gcc -c -g -O2  conftest.c >&5
configure:7486: $? = 0
configure:7559: gcc -o conftest -g -O2   conftest.c  >&5
configure:7559: $? = 0
configure:7559: ./conftest
configure:7559: $? = 0
configure:7570: result: yes
configure:7583: checking for sys/types.h
configure:7583: gcc -c -g -O2  conftest.c >&5
configure:7583: $? = 0
configure:7583: result: yes
configure:7583: checking for sys/stat.h
configure:7583: gcc -c -g -O2  conftest.c >&5
configure:7583: $? = 0
configure:7583: result: yes
configure:7583: checking for stdlib.h
configure:7583: gcc -c -g -O2  conftest.c >&5
configure:7583: $? = 0
configure:7583: result: yes
configure:7583: checking for string.h
configure:7583: gcc -c -g -O2  conftest.c >&5
configure:7583: $? = 0
configure:7583: result: yes
configure:7583: checking for memory.h
configure:7583: gcc -c -g -O2  conftest.c >&5
configure:7583: $? = 0
configure:7583: result: yes
configure:7583: checking for strings.h
configure:7583: gcc -c -g -O2  conftest.c >&5
configure:7583: $? = 0
configure:7583: result: yes
configure:7583: checking for inttypes.h
configure:7583: gcc -c -g -O2  conftest.c >&5
configure:7583: $? = 0
configure:7583: result: yes
configure:7583: checking for stdint.h
configure:7583: gcc -c -g -O2  conftest.c >&5
configure:7583: $? = 0
configure:7583: result: yes
configure:7583: checking for unistd.h
configure:7583: gcc -c -g -O2  conftest.c >&5
configure:7583: $? = 0
configure:7583: result: yes
configure:7597: checking for dlfcn.h
configure:7597: gcc -c -g -O2  conftest.c >&5
configure:7597: $? = 0
configure:7597: result: yes
configure:7853: checking for objdir
configure:7868: result: .libs
configure:8132: checking if gcc supports -fno-rtti -fno-exceptions
configure:8150: gcc -c -g -O2  -fno-rtti -fno-exceptions conftest.c >&5
cc1: warning: command line option '-fno-rtti' is valid for C++/D/ObjC++ but not for C
configure:8154: $? = 0
configure:8167: result: no
configure:8531: checking for gcc option to produce PIC
configure:8538: result: -fPIC -DPIC
configure:8546: checking if gcc PIC flag -fPIC -DPIC works
configure:8564: gcc -c -g -O2  -fPIC -DPIC -DPIC conftest.c >&5
configure:8568: $? = 0
configure:8581: result: yes
configure:8610: checking if gcc static flag -static works
configure:8638: result: yes
configure:8653: checking if gcc supports -c -o file.o
configure:8674: gcc -c -g -O2  -o out/conftest2.o conftest.c >&5
configure:8678: $? = 0
configure:8700: result: yes
configure:8708: checking if gcc supports -c -o file.o
configure:8755: result: yes
configure:8788: checking whether the gcc linker (/usr/bin/ld -m elf_x86_64) supports shared libraries
configure:10051: result: yes
configure:10088: checking whether -lc should be explicitly linked in
configure:10096: gcc -c -g -O2  conftest.c >&5
configure:10099: $? = 0
configure:10114: gcc -shared  -fPIC -DPIC conftest.o  -v -Wl,-soname -Wl,conftest -o conftest 2\>\&1 \| /usr/bin/grep  -lc  \>/dev/null 2\>\&1
configure:10117: $? = 0
configure:10131: result: no
configure:10291: checking dynamic linker characteristics
configure:10872: gcc -o conftest -g -O2   -Wl,-rpath -Wl,/foo conftest.c  >&5
configure:10872: $? = 0
configure:11121: result: GNU/Linux ld.so
configure:11243: checking how to hardcode library paths into programs
configure:11268: result: immediate
configure:11816: checking whether stripping libraries is possible
configure:11821: result: yes
configure:11856: checking if libtool supports shared libraries
configure:11858: result: yes
configure:11861: checking whether to build shared libraries
configure:11886: result: yes
configure:11889: checking whether to build static libraries
configure:11893: result: yes
configure:8762: checking for pkg-config
configure:8780: found /usr/bin/pkg-config
configure:8792: result: /usr/bin/pkg-config
configure:8817: checking pkg-config is at least version 0.9.0
configure:8820: result: yes
configure:8830: checking for FUSE
configure:8837: $PKG_CONFIG --exists --print-errors "fuse"
configure:8840: $? = 0
configure:8854: $PKG_CONFIG --exists --print-errors "fuse"
configure:8857: $? = 0
configure:8895: result: yes
configure:8902: checking fuse.h usability
configure:8902: gcc -c -g -O2  conftest.c >&5
In file included from /usr/include/fuse/fuse.h:26,
                 from /usr/include/fuse.h:9,
                 from conftest.c:56:
/usr/include/fuse/fuse_common.h:33:2: error: #error Please add -D_FILE_OFFSET_BITS=64 to your compile flags!
   33 | #error Please add -D_FILE_OFFSET_BITS=64 to your compile flags!
      |  ^~~~~
configure:8902: $? = 1
configure: failed program was:
| /* confdefs.h */
| #define PACKAGE_NAME "CAs"
| #define PACKAGE_TARNAME "CAs"
| #define PACKAGE_VERSION "0.0.0"
| #define PACKAGE_STRING "CAs 0.0.0"
| #define PACKAGE_BUGREPORT "https://github.com/Open-TEE/CAs/issues"
| #define PACKAGE_URL "https://github.com/Open-TEE"
| #define PACKAGE "CAs"
| #define VERSION "0.0.0"
| #define STDC_HEADERS 1
| #define HAVE_SYS_TYPES_H 1
| #define HAVE_SYS_STAT_H 1
| #define HAVE_STDLIB_H 1
| #define HAVE_STRING_H 1
| #define HAVE_MEMORY_H 1
| #define HAVE_STRINGS_H 1
| #define HAVE_INTTYPES_H 1
| #define HAVE_STDINT_H 1
| #define HAVE_UNISTD_H 1
| #define HAVE_DLFCN_H 1
| #define LT_OBJDIR ".libs/"
| /* end confdefs.h.  */
| #include <stdio.h>
| #ifdef HAVE_SYS_TYPES_H
| # include <sys/types.h>
| #endif
| #ifdef HAVE_SYS_STAT_H
| # include <sys/stat.h>
| #endif
| #ifdef STDC_HEADERS
| # include <stdlib.h>
| # include <stddef.h>
| #else
| # ifdef HAVE_STDLIB_H
| #  include <stdlib.h>
| # endif
| #endif
| #ifdef HAVE_STRING_H
| # if !defined STDC_HEADERS && defined HAVE_MEMORY_H
| #  include <memory.h>
| # endif
| # include <string.h>
| #endif
| #ifdef HAVE_STRINGS_H
| # include <strings.h>
| #endif
| #ifdef HAVE_INTTYPES_H
| # include <inttypes.h>
| #endif
| #ifdef HAVE_STDINT_H
| # include <stdint.h>
| #endif
| #ifdef HAVE_UNISTD_H
| # include <unistd.h>
| #endif
| #include <fuse.h>
configure:8902: result: no
configure:8902: checking fuse.h presence
configure:8902: gcc -E  conftest.c
In file included from /usr/include/fuse/fuse.h:26,
                 from /usr/include/fuse.h:9,
                 from conftest.c:23:
/usr/include/fuse/fuse_common.h:33:2: error: #error Please add -D_FILE_OFFSET_BITS=64 to your compile flags!
   33 | #error Please add -D_FILE_OFFSET_BITS=64 to your compile flags!
      |  ^~~~~
configure:8902: $? = 1
configure: failed program was:
| /* confdefs.h */
| #define PACKAGE_NAME "CAs"
| #define PACKAGE_TARNAME "CAs"
| #define PACKAGE_VERSION "0.0.0"
| #define PACKAGE_STRING "CAs 0.0.0"
| #define PACKAGE_BUGREPORT "https://github.com/Open-TEE/CAs/issues"
| #define PACKAGE_URL "https://github.com/Open-TEE"
| #define PACKAGE "CAs"
| #define VERSION "0.0.0"
| #define STDC_HEADERS 1
| #define HAVE_SYS_TYPES_H 1
| #define HAVE_SYS_STAT_H 1
| #define HAVE_STDLIB_H 1
| #define HAVE_STRING_H 1
| #define HAVE_MEMORY_H 1
| #define HAVE_STRINGS_H 1
| #define HAVE_INTTYPES_H 1
| #define HAVE_STDINT_H 1
| #define HAVE_UNISTD_H 1
| #define HAVE_DLFCN_H 1
| #define LT_OBJDIR ".libs/"
| /* end confdefs.h.  */
| #include <fuse.h>
configure:8902: result: no
configure:8902: checking for fuse.h
configure:8902: result: no
configure:9054: checking that generated files are newer than configure
configure:9060: result: done
configure:9083: creating ./config.status

## ---------------------- ##
## Running config.status. ##
## ---------------------- ##

This file was extended by CAs config.status 0.0.0, which was
generated by GNU Autoconf 2.69.  Invocation command line was

  CONFIG_FILES    = 
  CONFIG_HEADERS  = 
  CONFIG_LINKS    = 
  CONFIG_COMMANDS = 
  $ ./config.status 

on nicolas-HP-Pavilion-Laptop-15-cw1xxx

config.status:1009: creating Makefile
config.status:1166: executing depfiles commands
config.status:1243: cd .       && sed -e '/# am--include-marker/d' Makefile         | make -f - am--depfiles
config.status:1248: $? = 0
config.status:1166: executing libtool commands

## ---------------- ##
## Cache variables. ##
## ---------------- ##

ac_cv_build=x86_64-pc-linux-gnu
ac_cv_c_compiler_gnu=yes
ac_cv_env_CC_set=
ac_cv_env_CC_value=
ac_cv_env_CFLAGS_set=
ac_cv_env_CFLAGS_value=
ac_cv_env_CPPFLAGS_set=
ac_cv_env_CPPFLAGS_value=
ac_cv_env_CPP_set=
ac_cv_env_CPP_value=
ac_cv_env_FUSE_CFLAGS_set=
ac_cv_env_FUSE_CFLAGS_value=
ac_cv_env_FUSE_LIBS_set=
ac_cv_env_FUSE_LIBS_value=
ac_cv_env_LDFLAGS_set=
ac_cv_env_LDFLAGS_value=
ac_cv_env_LIBS_set=
ac_cv_env_LIBS_value=
ac_cv_env_LT_SYS_LIBRARY_PATH_set=
ac_cv_env_LT_SYS_LIBRARY_PATH_value=
ac_cv_env_PKG_CONFIG_LIBDIR_set=
ac_cv_env_PKG_CONFIG_LIBDIR_value=
ac_cv_env_PKG_CONFIG_PATH_set=set
ac_cv_env_PKG_CONFIG_PATH_value=/opt/ros/noetic/lib/pkgconfig:/opt/ros/noetic/lib/x86_64-linux-gnu/pkgconfig
ac_cv_env_PKG_CONFIG_set=
ac_cv_env_PKG_CONFIG_value=
ac_cv_env_build_alias_set=
ac_cv_env_build_alias_value=
ac_cv_env_host_alias_set=
ac_cv_env_host_alias_value=
ac_cv_env_target_alias_set=
ac_cv_env_target_alias_value=
ac_cv_header_dlfcn_h=yes
ac_cv_header_fuse_h=no
ac_cv_header_inttypes_h=yes
ac_cv_header_memory_h=yes
ac_cv_header_stdc=yes
ac_cv_header_stdint_h=yes
ac_cv_header_stdlib_h=yes
ac_cv_header_string_h=yes
ac_cv_header_strings_h=yes
ac_cv_header_sys_stat_h=yes
ac_cv_header_sys_types_h=yes
ac_cv_header_unistd_h=yes
ac_cv_host=x86_64-pc-linux-gnu
ac_cv_objext=o
ac_cv_path_EGREP='/usr/bin/grep -E'
ac_cv_path_FGREP='/usr/bin/grep -F'
ac_cv_path_GREP=/usr/bin/grep
ac_cv_path_SED=/usr/bin/sed
ac_cv_path_ac_pt_PKG_CONFIG=/usr/bin/pkg-config
ac_cv_path_install='/usr/bin/install -c'
ac_cv_path_lt_DD=/usr/bin/dd
ac_cv_path_mkdir=/usr/bin/mkdir
ac_cv_prog_AWK=mawk
ac_cv_prog_CPP='gcc -E'
ac_cv_prog_ac_ct_AR=ar
ac_cv_prog_ac_ct_CC=gcc
ac_cv_prog_ac_ct_MANIFEST_TOOL=mt
ac_cv_prog_ac_ct_OBJDUMP=objdump
ac_cv_prog_ac_ct_RANLIB=ranlib
ac_cv_prog_ac_ct_STRIP=strip
ac_cv_prog_cc_c89=
ac_cv_prog_cc_g=yes
ac_cv_prog_make_make_set=yes
am_cv_CC_dependencies_compiler_type=gcc3
am_cv_make_support_nested_variables=yes
am_cv_prog_cc_c_o=yes
lt_cv_ar_at_file=@
lt_cv_archive_cmds_need_lc=no
lt_cv_deplibs_check_method=pass_all
lt_cv_file_magic_cmd='$MAGIC_CMD'
lt_cv_file_magic_test_file=
lt_cv_ld_reload_flag=-r
lt_cv_nm_interface='BSD nm'
lt_cv_objdir=.libs
lt_cv_path_LD=/usr/bin/ld
lt_cv_path_NM='/usr/bin/nm -B'
lt_cv_path_mainfest_tool=no
lt_cv_prog_compiler_c_o=yes
lt_cv_prog_compiler_pic='-fPIC -DPIC'
lt_cv_prog_compiler_pic_works=yes
lt_cv_prog_compiler_rtti_exceptions=no
lt_cv_prog_compiler_static_works=yes
lt_cv_prog_gnu_ld=yes
lt_cv_sharedlib_from_linklib_cmd='printf %s\n'
lt_cv_shlibpath_overrides_runpath=yes
lt_cv_sys_global_symbol_pipe='sed -n -e '\''s/^.*[	 ]\([ABCDGIRSTW][ABCDGIRSTW]*\)[	 ][	 ]*\([_A-Za-z][_A-Za-z0-9]*\)$/\1 \2 \2/p'\'' | sed '\''/ __gnu_lto/d'\'''
lt_cv_sys_global_symbol_to_c_name_address='sed -n -e '\''s/^: \(.*\) .*$/  {"\1", (void *) 0},/p'\'' -e '\''s/^[ABCDGIRSTW][ABCDGIRSTW]* .* \(.*\)$/  {"\1", (void *) \&\1},/p'\'''
lt_cv_sys_global_symbol_to_c_name_address_lib_prefix='sed -n -e '\''s/^: \(.*\) .*$/  {"\1", (void *) 0},/p'\'' -e '\''s/^[ABCDGIRSTW][ABCDGIRSTW]* .* \(lib.*\)$/  {"\1", (void *) \&\1},/p'\'' -e '\''s/^[ABCDGIRSTW][ABCDGIRSTW]* .* \(.*\)$/  {"lib\1", (void *) \&\1},/p'\'''
lt_cv_sys_global_symbol_to_cdecl='sed -n -e '\''s/^T .* \(.*\)$/extern int \1();/p'\'' -e '\''s/^[ABCDGIRSTW][ABCDGIRSTW]* .* \(.*\)$/extern char \1;/p'\'''
lt_cv_sys_global_symbol_to_import=
lt_cv_sys_max_cmd_len=1572864
lt_cv_to_host_file_cmd=func_convert_file_noop
lt_cv_to_tool_file_cmd=func_convert_file_noop
lt_cv_truncate_bin='/usr/bin/dd bs=4096 count=1'
pkg_cv_FUSE_CFLAGS='-D_FILE_OFFSET_BITS=64 -I/usr/include/fuse'
pkg_cv_FUSE_LIBS='-lfuse -pthread'

## ----------------- ##
## Output variables. ##
## ----------------- ##

ACLOCAL='${SHELL} /home/nicolas/opentee/CAs/missing aclocal-1.16'
AMDEPBACKSLASH='\'
AMDEP_FALSE='#'
AMDEP_TRUE=''
AMTAR='$${TAR-tar}'
AM_BACKSLASH='\'
AM_DEFAULT_V='$(AM_DEFAULT_VERBOSITY)'
AM_DEFAULT_VERBOSITY='1'
AM_V='$(V)'
AR='ar'
AUTOCONF='${SHELL} /home/nicolas/opentee/CAs/missing autoconf'
AUTOHEADER='${SHELL} /home/nicolas/opentee/CAs/missing autoheader'
AUTOMAKE='${SHELL} /home/nicolas/opentee/CAs/missing automake-1.16'
AWK='mawk'
CC='gcc'
CCDEPMODE='depmode=gcc3'
CFLAGS='-g -O2'
CPP='gcc -E'
CPPFLAGS=''
CYGPATH_W='echo'
DEFS='-DPACKAGE_NAME=\"CAs\" -DPACKAGE_TARNAME=\"CAs\" -DPACKAGE_VERSION=\"0.0.0\" -DPACKAGE_STRING=\"CAs\ 0.0.0\" -DPACKAGE_BUGREPORT=\"https://github.com/Open-TEE/CAs/issues\" -DPACKAGE_URL=\"https://github.com/Open-TEE\" -DPACKAGE=\"CAs\" -DVERSION=\"0.0.0\" -DSTDC_HEADERS=1 -DHAVE_SYS_TYPES_H=1 -DHAVE_SYS_STAT_H=1 -DHAVE_STDLIB_H=1 -DHAVE_STRING_H=1 -DHAVE_MEMORY_H=1 -DHAVE_STRINGS_H=1 -DHAVE_INTTYPES_H=1 -DHAVE_STDINT_H=1 -DHAVE_UNISTD_H=1 -DHAVE_DLFCN_H=1 -DLT_OBJDIR=\".libs/\"'
DEPDIR='.deps'
DLLTOOL='false'
DSYMUTIL=''
DUMPBIN=''
ECHO_C=''
ECHO_N='-n'
ECHO_T=''
EGREP='/usr/bin/grep -E'
EXEEXT=''
FGREP='/usr/bin/grep -F'
FUSE_CFLAGS='-D_FILE_OFFSET_BITS=64 -I/usr/include/fuse'
FUSE_LIBS='-lfuse -pthread'
GREP='/usr/bin/grep'
INSTALL_DATA='${INSTALL} -m 644'
INSTALL_PROGRAM='${INSTALL}'
INSTALL_SCRIPT='${INSTALL}'
INSTALL_STRIP_PROGRAM='$(install_sh) -c -s'
LD='/usr/bin/ld -m elf_x86_64'
LDFLAGS=''
LIBOBJS=''
LIBS=''
LIBTOOL='$(SHELL) $(top_builddir)/libtool'
LIPO=''
LN_S='ln -s'
LTLIBOBJS=''
LT_SYS_LIBRARY_PATH=''
MAKEINFO='${SHELL} /home/nicolas/opentee/CAs/missing makeinfo'
MANIFEST_TOOL=':'
MKDIR_P='/usr/bin/mkdir -p'
NM='/usr/bin/nm -B'
NMEDIT=''
OBJDUMP='objdump'
OBJEXT='o'
OTOOL64=''
OTOOL=''
PACKAGE='CAs'
PACKAGE_BUGREPORT='https://github.com/Open-TEE/CAs/issues'
PACKAGE_NAME='CAs'
PACKAGE_STRING='CAs 0.0.0'
PACKAGE_TARNAME='CAs'
PACKAGE_URL='https://github.com/Open-TEE'
PACKAGE_VERSION='0.0.0'
PATH_SEPARATOR=':'
PKG_CONFIG='/usr/bin/pkg-config'
PKG_CONFIG_LIBDIR=''
PKG_CONFIG_PATH='/opt/ros/noetic/lib/pkgconfig:/opt/ros/noetic/lib/x86_64-linux-gnu/pkgconfig'
RANLIB='ranlib'
SED='/usr/bin/sed'
SET_MAKE=''
SHELL='/bin/bash'
STRIP='strip'
VERSION='0.0.0'
ac_ct_AR='ar'
ac_ct_CC='gcc'
ac_ct_DUMPBIN=''
am__EXEEXT_FALSE=''
am__EXEEXT_TRUE='#'
am__fastdepCC_FALSE='#'
am__fastdepCC_TRUE=''
am__include='include'
am__isrc=' -I$(srcdir)'
am__leading_dot='.'
am__nodep='_no'
am__quote=''
am__tar='$${TAR-tar} chof - "$$tardir"'
am__untar='$${TAR-tar} xf -'
bindir='${exec_prefix}/bin'
build='x86_64-pc-linux-gnu'
build_alias=''
build_cpu='x86_64'
build_os='linux-gnu'
build_vendor='pc'
datadir='${datarootdir}'
datarootdir='${prefix}/share'
docdir='${datarootdir}/doc/${PACKAGE_TARNAME}'
dvidir='${docdir}'
exec_prefix='${prefix}'
host='x86_64-pc-linux-gnu'
host_alias=''
host_cpu='x86_64'
host_os='linux-gnu'
host_vendor='pc'
htmldir='${docdir}'
includedir='${prefix}/include'
infodir='${datarootdir}/info'
install_sh='${SHELL} /home/nicolas/opentee/CAs/install-sh'
libdir='${exec_prefix}/lib'
libexecdir='${exec_prefix}/libexec'
localedir='${datarootdir}/locale'
localstatedir='${prefix}/var'
mandir='${datarootdir}/man'
mkdir_p='$(MKDIR_P)'
oldincludedir='/usr/include'
pdfdir='${docdir}'
prefix='/opt/OpenTee'
program_transform_name='s,x,x,'
psdir='${docdir}'
runstatedir='${localstatedir}/run'
sbindir='${exec_prefix}/sbin'
sharedstatedir='${prefix}/com'
sysconfdir='${prefix}/etc'
target_alias=''

## ----------- ##
## confdefs.h. ##
## ----------- ##

/* confdefs.h */
#define PACKAGE_NAME "CAs"
#define PACKAGE_TARNAME "CAs"
#define PACKAGE_VERSION "0.0.0"
#define PACKAGE_STRING "CAs 0.0.0"
#define PACKAGE_BUGREPORT "https://github.com/Open-TEE/CAs/issues"
#define PACKAGE_URL "https://github.com/Open-TEE"
#define PACKAGE "CAs"
#define VERSION "0.0.0"
#define STDC_HEADERS 1
#define HAVE_SYS_TYPES_H 1
#define HAVE_SYS_STAT_H 1
#define HAVE_STDLIB_H 1
#define HAVE_STRING_H 1
#define HAVE_MEMORY_H 1
#define HAVE_STRINGS_H 1
#define HAVE_INTTYPES_H 1
#define HAVE_STDINT_H 1
#define HAVE_UNISTD_H 1
#define HAVE_DLFCN_H 1
#define LT_OBJDIR ".libs/"

configure: exit 0
