This file contains any messages produced by compilers while
running configure, to aid debugging if configure makes a mistake.

It was created by opentee-core configure 0.0.0, which was
generated by GNU Autoconf 2.69.  Invocation command line was

  $ ../../emulator/configure --disable-option-checking --prefix=/opt/OpenTee --cache-file=/dev/null --srcdir=../../emulator

## --------- ##
## Platform. ##
## --------- ##

hostname = nicolas-HP-Pavilion-Laptop-15-cw1xxx
uname -m = x86_64
uname -r = 5.15.0-134-generic
uname -s = Linux
uname -v = #145~20.04.1-Ubuntu SMP Mon Feb 17 13:27:16 UTC 2025

/usr/bin/uname -p = x86_64
/bin/uname -X     = unknown

/bin/arch              = x86_64
/usr/bin/arch -k       = unknown
/usr/convex/getsysinfo = unknown
/usr/bin/hostinfo      = unknown
/bin/machine           = unknown
/usr/bin/oslevel       = unknown
/bin/universe          = unknown

PATH: /usr/bin
PATH: /usr/bin/arm-linux-gnueabihf-gcc


## ----------- ##
## Core tests. ##
## ----------- ##

configure:2267: checking for a BSD-compatible install
configure:2335: result: /usr/bin/install -c
configure:2346: checking whether build environment is sane
configure:2401: result: yes
configure:2550: checking for a thread-safe mkdir -p
configure:2589: result: /usr/bin/mkdir -p
configure:2596: checking for gawk
configure:2626: result: no
configure:2596: checking for mawk
configure:2612: found /usr/bin/mawk
configure:2623: result: mawk
configure:2634: checking whether make sets $(MAKE)
configure:2656: result: yes
configure:2685: checking whether make supports nested variables
configure:2702: result: yes
configure:2834: checking whether make supports the include directive
configure:2849: make -f confmf.GNU && cat confinc.out
this is the am__doit target
configure:2852: $? = 0
configure:2871: result: yes (GNU style)
configure:2941: checking for gcc
configure:2957: found /usr/bin/gcc
configure:2968: result: gcc
configure:3197: checking for C compiler version
configure:3206: gcc --version >&5
gcc (Ubuntu 9.4.0-1ubuntu1~20.04.2) 9.4.0
Copyright (C) 2019 Free Software Foundation, Inc.
This is free software; see the source for copying conditions.  There is NO
warranty; not even for MERCHANTABILITY or FITNESS FOR A PARTICULAR PURPOSE.

configure:3217: $? = 0
configure:3206: gcc -v >&5
Using built-in specs.
COLLECT_GCC=gcc
COLLECT_LTO_WRAPPER=/usr/lib/gcc/x86_64-linux-gnu/9/lto-wrapper
OFFLOAD_TARGET_NAMES=nvptx-none:hsa
OFFLOAD_TARGET_DEFAULT=1
Target: x86_64-linux-gnu
Configured with: ../src/configure -v --with-pkgversion='Ubuntu 9.4.0-1ubuntu1~20.04.2' --with-bugurl=file:///usr/share/doc/gcc-9/README.Bugs --enable-languages=c,ada,c++,go,brig,d,fortran,objc,obj-c++,gm2 --prefix=/usr --with-gcc-major-version-only --program-suffix=-9 --program-prefix=x86_64-linux-gnu- --enable-shared --enable-linker-build-id --libexecdir=/usr/lib --without-included-gettext --enable-threads=posix --libdir=/usr/lib --enable-nls --enable-clocale=gnu --enable-libstdcxx-debug --enable-libstdcxx-time=yes --with-default-libstdcxx-abi=new --enable-gnu-unique-object --disable-vtable-verify --enable-plugin --enable-default-pie --with-system-zlib --with-target-system-zlib=auto --enable-objc-gc=auto --enable-multiarch --disable-werror --with-arch-32=i686 --with-abi=m64 --with-multilib-list=m32,m64,mx32 --enable-multilib --with-tune=generic --enable-offload-targets=nvptx-none=/build/gcc-9-9QDOt0/gcc-9-9.4.0/debian/tmp-nvptx/usr,hsa --without-cuda-driver --enable-checking=release --build=x86_64-linux-gnu --host=x86_64-linux-gnu --target=x86_64-linux-gnu
Thread model: posix
gcc version 9.4.0 (Ubuntu 9.4.0-1ubuntu1~20.04.2) 
configure:3217: $? = 0
configure:3206: gcc -V >&5
gcc: error: unrecognized command line option '-V'
gcc: fatal error: no input files
compilation terminated.
configure:3217: $? = 1
configure:3206: gcc -qversion >&5
gcc: error: unrecognized command line option '-qversion'; did you mean '--version'?
gcc: fatal error: no input files
compilation terminated.
configure:3217: $? = 1
configure:3237: checking whether the C compiler works
configure:3259: gcc    conftest.c  >&5
configure:3263: $? = 0
configure:3311: result: yes
configure:3314: checking for C compiler default output file name
configure:3316: result: a.out
configure:3322: checking for suffix of executables
configure:3329: gcc -o conftest    conftest.c  >&5
configure:3333: $? = 0
configure:3355: result: 
configure:3377: checking whether we are cross compiling
configure:3385: gcc -o conftest    conftest.c  >&5
configure:3389: $? = 0
configure:3396: ./conftest
configure:3400: $? = 0
configure:3388: result: no
configure:3393: checking for suffix of object files
configure:3415: gcc -c   conftest.c >&5
configure:3419: $? = 0
configure:3440: result: o
configure:3444: checking whether we are using the GNU C compiler
configure:3463: gcc -c   conftest.c >&5
configure:3463: $? = 0
configure:3472: result: yes
configure:3481: checking whether gcc accepts -g
configure:3501: gcc -c -g  conftest.c >&5
configure:3501: $? = 0
configure:3542: result: yes
configure:3559: checking for gcc option to accept ISO C89
configure:3622: gcc  -c -g -O2  conftest.c >&5
configure:3622: $? = 0
configure:3635: result: none needed
configure:3660: checking whether gcc understands -c and -o together
configure:3682: gcc -c conftest.c -o conftest2.o
configure:3685: $? = 0
configure:3682: gcc -c conftest.c -o conftest2.o
configure:3685: $? = 0
configure:3697: result: yes
configure:3716: checking dependency style of gcc
configure:3827: result: gcc3
configure:3848: checking how to run the C preprocessor
configure:3879: gcc -E  conftest.c
configure:3879: $? = 0
configure:3893: gcc -E  conftest.c
conftest.c:11:10: fatal error: ac_nonexistent.h: No such file or directory
   11 | #include <ac_nonexistent.h>
      |          ^~~~~~~~~~~~~~~~~~
compilation terminated.
configure:3893: $? = 1
configure: failed program was:
| /* confdefs.h */
| #define PACKAGE_NAME "opentee-core"
| #define PACKAGE_TARNAME "opentee-core"
| #define PACKAGE_VERSION "0.0.0"
| #define PACKAGE_STRING "opentee-core 0.0.0"
| #define PACKAGE_BUGREPORT "https://github.com/Open-TEE/tee-engine/issues"
| #define PACKAGE_URL "https://github.com/Open-TEE"
| #define PACKAGE "opentee-core"
| #define VERSION "0.0.0"
| /* end confdefs.h.  */
| #include <ac_nonexistent.h>
configure:3918: result: gcc -E
configure:3938: gcc -E  conftest.c
configure:3938: $? = 0
configure:3952: gcc -E  conftest.c
conftest.c:11:10: fatal error: ac_nonexistent.h: No such file or directory
   11 | #include <ac_nonexistent.h>
      |          ^~~~~~~~~~~~~~~~~~
compilation terminated.
configure:3952: $? = 1
configure: failed program was:
| /* confdefs.h */
| #define PACKAGE_NAME "opentee-core"
| #define PACKAGE_TARNAME "opentee-core"
| #define PACKAGE_VERSION "0.0.0"
| #define PACKAGE_STRING "opentee-core 0.0.0"
| #define PACKAGE_BUGREPORT "https://github.com/Open-TEE/tee-engine/issues"
| #define PACKAGE_URL "https://github.com/Open-TEE"
| #define PACKAGE "opentee-core"
| #define VERSION "0.0.0"
| /* end confdefs.h.  */
| #include <ac_nonexistent.h>
configure:3981: checking for grep that handles long lines and -e
configure:4039: result: /usr/bin/grep
configure:4044: checking for egrep
configure:4106: result: /usr/bin/grep -E
configure:4111: checking for ANSI C header files
configure:4131: gcc -c -g -O2  conftest.c >&5
configure:4131: $? = 0
configure:4204: gcc -o conftest -g -O2   conftest.c  >&5
configure:4204: $? = 0
configure:4204: ./conftest
configure:4204: $? = 0
configure:4215: result: yes
configure:4228: checking for sys/types.h
configure:4228: gcc -c -g -O2  conftest.c >&5
configure:4228: $? = 0
configure:4228: result: yes
configure:4228: checking for sys/stat.h
configure:4228: gcc -c -g -O2  conftest.c >&5
configure:4228: $? = 0
configure:4228: result: yes
configure:4228: checking for stdlib.h
configure:4228: gcc -c -g -O2  conftest.c >&5
configure:4228: $? = 0
configure:4228: result: yes
configure:4228: checking for string.h
configure:4228: gcc -c -g -O2  conftest.c >&5
configure:4228: $? = 0
configure:4228: result: yes
configure:4228: checking for memory.h
configure:4228: gcc -c -g -O2  conftest.c >&5
configure:4228: $? = 0
configure:4228: result: yes
configure:4228: checking for strings.h
configure:4228: gcc -c -g -O2  conftest.c >&5
configure:4228: $? = 0
configure:4228: result: yes
configure:4228: checking for inttypes.h
configure:4228: gcc -c -g -O2  conftest.c >&5
configure:4228: $? = 0
configure:4228: result: yes
configure:4228: checking for stdint.h
configure:4228: gcc -c -g -O2  conftest.c >&5
configure:4228: $? = 0
configure:4228: result: yes
configure:4228: checking for unistd.h
configure:4228: gcc -c -g -O2  conftest.c >&5
configure:4228: $? = 0
configure:4228: result: yes
configure:4241: checking minix/config.h usability
configure:4241: gcc -c -g -O2  conftest.c >&5
conftest.c:54:10: fatal error: minix/config.h: No such file or directory
   54 | #include <minix/config.h>
      |          ^~~~~~~~~~~~~~~~
compilation terminated.
configure:4241: $? = 1
configure: failed program was:
| /* confdefs.h */
| #define PACKAGE_NAME "opentee-core"
| #define PACKAGE_TARNAME "opentee-core"
| #define PACKAGE_VERSION "0.0.0"
| #define PACKAGE_STRING "opentee-core 0.0.0"
| #define PACKAGE_BUGREPORT "https://github.com/Open-TEE/tee-engine/issues"
| #define PACKAGE_URL "https://github.com/Open-TEE"
| #define PACKAGE "opentee-core"
| #define VERSION "0.0.0"
| #define STDC_HEADERS 1
| #define HAVE_SYS_TYPES_H 1
| #define HAVE_SYS_STAT_H 1
| #define HAVE_STDLIB_H 1
| #define HAVE_STRING_H 1
| #define HAVE_MEMORY_H 1
| #define HAVE_STRINGS_H 1
| #define HAVE_INTTYPES_H 1
| #define HAVE_STDINT_H 1
| #define HAVE_UNISTD_H 1
| /* end confdefs.h.  */
| #include <stdio.h>
| #ifdef HAVE_SYS_TYPES_H
| # include <sys/types.h>
| #endif
| #ifdef HAVE_SYS_STAT_H
| # include <sys/stat.h>
| #endif
| #ifdef STDC_HEADERS
| # include <stdlib.h>
| # include <stddef.h>
| #else
| # ifdef HAVE_STDLIB_H
| #  include <stdlib.h>
| # endif
| #endif
| #ifdef HAVE_STRING_H
| # if !defined STDC_HEADERS && defined HAVE_MEMORY_H
| #  include <memory.h>
| # endif
| # include <string.h>
| #endif
| #ifdef HAVE_STRINGS_H
| # include <strings.h>
| #endif
| #ifdef HAVE_INTTYPES_H
| # include <inttypes.h>
| #endif
| #ifdef HAVE_STDINT_H
| # include <stdint.h>
| #endif
| #ifdef HAVE_UNISTD_H
| # include <unistd.h>
| #endif
| #include <minix/config.h>
configure:4241: result: no
configure:4241: checking minix/config.h presence
configure:4241: gcc -E  conftest.c
conftest.c:21:10: fatal error: minix/config.h: No such file or directory
   21 | #include <minix/config.h>
      |          ^~~~~~~~~~~~~~~~
compilation terminated.
configure:4241: $? = 1
configure: failed program was:
| /* confdefs.h */
| #define PACKAGE_NAME "opentee-core"
| #define PACKAGE_TARNAME "opentee-core"
| #define PACKAGE_VERSION "0.0.0"
| #define PACKAGE_STRING "opentee-core 0.0.0"
| #define PACKAGE_BUGREPORT "https://github.com/Open-TEE/tee-engine/issues"
| #define PACKAGE_URL "https://github.com/Open-TEE"
| #define PACKAGE "opentee-core"
| #define VERSION "0.0.0"
| #define STDC_HEADERS 1
| #define HAVE_SYS_TYPES_H 1
| #define HAVE_SYS_STAT_H 1
| #define HAVE_STDLIB_H 1
| #define HAVE_STRING_H 1
| #define HAVE_MEMORY_H 1
| #define HAVE_STRINGS_H 1
| #define HAVE_INTTYPES_H 1
| #define HAVE_STDINT_H 1
| #define HAVE_UNISTD_H 1
| /* end confdefs.h.  */
| #include <minix/config.h>
configure:4241: result: no
configure:4241: checking for minix/config.h
configure:4241: result: no
configure:4262: checking whether it is safe to define __EXTENSIONS__
configure:4280: gcc -c -g -O2  conftest.c >&5
configure:4280: $? = 0
configure:4287: result: yes
configure:4351: checking for gcc
configure:4378: result: gcc
configure:4607: checking for C compiler version
configure:4616: gcc --version >&5
gcc (Ubuntu 9.4.0-1ubuntu1~20.04.2) 9.4.0
Copyright (C) 2019 Free Software Foundation, Inc.
This is free software; see the source for copying conditions.  There is NO
warranty; not even for MERCHANTABILITY or FITNESS FOR A PARTICULAR PURPOSE.

configure:4627: $? = 0
configure:4616: gcc -v >&5
Using built-in specs.
COLLECT_GCC=gcc
COLLECT_LTO_WRAPPER=/usr/lib/gcc/x86_64-linux-gnu/9/lto-wrapper
OFFLOAD_TARGET_NAMES=nvptx-none:hsa
OFFLOAD_TARGET_DEFAULT=1
Target: x86_64-linux-gnu
Configured with: ../src/configure -v --with-pkgversion='Ubuntu 9.4.0-1ubuntu1~20.04.2' --with-bugurl=file:///usr/share/doc/gcc-9/README.Bugs --enable-languages=c,ada,c++,go,brig,d,fortran,objc,obj-c++,gm2 --prefix=/usr --with-gcc-major-version-only --program-suffix=-9 --program-prefix=x86_64-linux-gnu- --enable-shared --enable-linker-build-id --libexecdir=/usr/lib --without-included-gettext --enable-threads=posix --libdir=/usr/lib --enable-nls --enable-clocale=gnu --enable-libstdcxx-debug --enable-libstdcxx-time=yes --with-default-libstdcxx-abi=new --enable-gnu-unique-object --disable-vtable-verify --enable-plugin --enable-default-pie --with-system-zlib --with-target-system-zlib=auto --enable-objc-gc=auto --enable-multiarch --disable-werror --with-arch-32=i686 --with-abi=m64 --with-multilib-list=m32,m64,mx32 --enable-multilib --with-tune=generic --enable-offload-targets=nvptx-none=/build/gcc-9-9QDOt0/gcc-9-9.4.0/debian/tmp-nvptx/usr,hsa --without-cuda-driver --enable-checking=release --build=x86_64-linux-gnu --host=x86_64-linux-gnu --target=x86_64-linux-gnu
Thread model: posix
gcc version 9.4.0 (Ubuntu 9.4.0-1ubuntu1~20.04.2) 
configure:4627: $? = 0
configure:4616: gcc -V >&5
gcc: error: unrecognized command line option '-V'
gcc: fatal error: no input files
compilation terminated.
configure:4627: $? = 1
configure:4616: gcc -qversion >&5
gcc: error: unrecognized command line option '-qversion'; did you mean '--version'?
gcc: fatal error: no input files
compilation terminated.
configure:4627: $? = 1
configure:4631: checking whether we are using the GNU C compiler
configure:4659: result: yes
configure:4668: checking whether gcc accepts -g
configure:4729: result: yes
configure:4746: checking for gcc option to accept ISO C89
configure:4822: result: none needed
configure:4847: checking whether gcc understands -c and -o together
configure:4884: result: yes
configure:4903: checking dependency style of gcc
configure:5014: result: gcc3
configure:5058: checking build system type
configure:5072: result: x86_64-pc-linux-gnu
configure:5092: checking host system type
configure:5105: result: x86_64-pc-linux-gnu
configure:5146: checking how to print strings
configure:5173: result: printf
configure:5194: checking for a sed that does not truncate output
configure:5258: result: /usr/bin/sed
configure:5276: checking for fgrep
configure:5338: result: /usr/bin/grep -F
configure:5373: checking for ld used by gcc
configure:5440: result: /usr/bin/ld
configure:5447: checking if the linker (/usr/bin/ld) is GNU ld
configure:5462: result: yes
configure:5474: checking for BSD- or MS-compatible name lister (nm)
configure:5528: result: /usr/bin/nm -B
configure:5658: checking the name lister (/usr/bin/nm -B) interface
configure:5665: gcc -c -g -O2  conftest.c >&5
configure:5668: /usr/bin/nm -B "conftest.o"
configure:5671: output
0000000000000000 B some_variable
configure:5672: result: BSD nm
configure:5675: checking whether ln -s works
configure:5679: result: yes
configure:5687: checking the maximum length of command line arguments
configure:5818: result: 1572864
configure:5866: checking how to convert x86_64-pc-linux-gnu file names to x86_64-pc-linux-gnu format
configure:5906: result: func_convert_file_noop
configure:5913: checking how to convert x86_64-pc-linux-gnu file names to toolchain format
configure:5933: result: func_convert_file_noop
configure:5940: checking for /usr/bin/ld option to reload object files
configure:5947: result: -r
configure:6021: checking for objdump
configure:6037: found /usr/bin/objdump
configure:6048: result: objdump
configure:6080: checking how to recognize dependent libraries
configure:6280: result: pass_all
configure:6365: checking for dlltool
configure:6395: result: no
configure:6425: checking how to associate runtime and link libraries
configure:6452: result: printf %s\n
configure:6512: checking for ar
configure:6528: found /usr/bin/ar
configure:6539: result: ar
configure:6576: checking for archiver @FILE support
configure:6593: gcc -c -g -O2  conftest.c >&5
configure:6593: $? = 0
configure:6596: ar cr libconftest.a @conftest.lst >&5
configure:6599: $? = 0
configure:6604: ar cr libconftest.a @conftest.lst >&5
ar: conftest.o: No such file or directory
configure:6607: $? = 1
configure:6606: result: @
configure:6664: checking for strip
configure:6680: found /usr/bin/strip
configure:6691: result: strip
configure:6763: checking for ranlib
configure:6779: found /usr/bin/ranlib
configure:6790: result: ranlib
configure:6892: checking command to parse /usr/bin/nm -B output from gcc object
configure:7045: gcc -c -g -O2  conftest.c >&5
configure:7048: $? = 0
configure:7052: /usr/bin/nm -B conftest.o | sed -n -e 's/^.*[	 ]\([ABCDGIRSTW][ABCDGIRSTW]*\)[	 ][	 ]*\([_A-Za-z][_A-Za-z0-9]*\)$/\1 \2 \2/p' | sed '/ __gnu_lto/d' > conftest.nm
configure:7118: gcc -o conftest -g -O2   conftest.c conftstm.o >&5
configure:7121: $? = 0
configure:7159: result: ok
configure:7206: checking for sysroot
configure:7236: result: no
configure:7243: checking for a working dd
configure:7281: result: /usr/bin/dd
configure:7285: checking how to truncate binary pipes
configure:7300: result: /usr/bin/dd bs=4096 count=1
configure:7436: gcc -c -g -O2  conftest.c >&5
configure:7439: $? = 0
configure:7629: checking for mt
configure:7645: found /usr/bin/mt
configure:7656: result: mt
configure:7679: checking if mt is a manifest tool
configure:7685: mt '-?'
configure:7693: result: no
configure:8367: checking for dlfcn.h
configure:8367: gcc -c -g -O2  conftest.c >&5
configure:8367: $? = 0
configure:8367: result: yes
configure:8623: checking for objdir
configure:8638: result: .libs
configure:8902: checking if gcc supports -fno-rtti -fno-exceptions
configure:8920: gcc -c -g -O2  -fno-rtti -fno-exceptions conftest.c >&5
cc1: warning: command line option '-fno-rtti' is valid for C++/D/ObjC++ but not for C
configure:8924: $? = 0
configure:8937: result: no
configure:9301: checking for gcc option to produce PIC
configure:9308: result: -fPIC -DPIC
configure:9316: checking if gcc PIC flag -fPIC -DPIC works
configure:9334: gcc -c -g -O2  -fPIC -DPIC -DPIC conftest.c >&5
configure:9338: $? = 0
configure:9351: result: yes
configure:9380: checking if gcc static flag -static works
configure:9408: result: yes
configure:9423: checking if gcc supports -c -o file.o
configure:9444: gcc -c -g -O2  -o out/conftest2.o conftest.c >&5
configure:9448: $? = 0
configure:9470: result: yes
configure:9478: checking if gcc supports -c -o file.o
configure:9525: result: yes
configure:9558: checking whether the gcc linker (/usr/bin/ld -m elf_x86_64) supports shared libraries
configure:10821: result: yes
configure:10858: checking whether -lc should be explicitly linked in
configure:10866: gcc -c -g -O2  conftest.c >&5
configure:10869: $? = 0
configure:10884: gcc -shared  -fPIC -DPIC conftest.o  -v -Wl,-soname -Wl,conftest -o conftest 2\>\&1 \| /usr/bin/grep  -lc  \>/dev/null 2\>\&1
configure:10887: $? = 0
configure:10901: result: no
configure:11061: checking dynamic linker characteristics
configure:11642: gcc -o conftest -g -O2   -Wl,-rpath -Wl,/foo conftest.c  >&5
configure:11642: $? = 0
configure:11891: result: GNU/Linux ld.so
configure:12013: checking how to hardcode library paths into programs
configure:12038: result: immediate
configure:12586: checking whether stripping libraries is possible
configure:12591: result: yes
configure:12626: checking if libtool supports shared libraries
configure:12628: result: yes
configure:12631: checking whether to build shared libraries
configure:12656: result: yes
configure:12659: checking whether to build static libraries
configure:12663: result: yes
configure:9478: checking for pthread_create in -lpthread
configure:9503: gcc -o conftest -g -O2   conftest.c -lpthread   >&5
configure:9503: $? = 0
configure:9512: result: yes
configure:9523: checking for SSL_CTX_new in -lssl
configure:9548: gcc -o conftest -g -O2   conftest.c -lssl  -lpthread  >&5
configure:9548: $? = 0
configure:9557: result: yes
configure:9568: checking for ENGINE_cleanup in -lcrypto
configure:9593: gcc -o conftest -g -O2   conftest.c -lcrypto  -lssl -lpthread  >&5
/usr/bin/ld: /tmp/ccSkMvhA.o: in function `main':
/home/nicolas/opentee/build/emulator/conftest.c:41: undefined reference to `ENGINE_cleanup'
collect2: error: ld returned 1 exit status
configure:9593: $? = 1
configure: failed program was:
| /* confdefs.h */
| #define PACKAGE_NAME "opentee-core"
| #define PACKAGE_TARNAME "opentee-core"
| #define PACKAGE_VERSION "0.0.0"
| #define PACKAGE_STRING "opentee-core 0.0.0"
| #define PACKAGE_BUGREPORT "https://github.com/Open-TEE/tee-engine/issues"
| #define PACKAGE_URL "https://github.com/Open-TEE"
| #define PACKAGE "opentee-core"
| #define VERSION "0.0.0"
| #define STDC_HEADERS 1
| #define HAVE_SYS_TYPES_H 1
| #define HAVE_SYS_STAT_H 1
| #define HAVE_STDLIB_H 1
| #define HAVE_STRING_H 1
| #define HAVE_MEMORY_H 1
| #define HAVE_STRINGS_H 1
| #define HAVE_INTTYPES_H 1
| #define HAVE_STDINT_H 1
| #define HAVE_UNISTD_H 1
| #define __EXTENSIONS__ 1
| #define _ALL_SOURCE 1
| #define _GNU_SOURCE 1
| #define _POSIX_PTHREAD_SEMANTICS 1
| #define _TANDEM_SOURCE 1
| #define HAVE_DLFCN_H 1
| #define LT_OBJDIR ".libs/"
| #define HAVE_LIBPTHREAD 1
| #define HAVE_LIBSSL 1
| /* end confdefs.h.  */
| 
| /* Override any GCC internal prototype to avoid an error.
|    Use char because int might match the return type of a GCC
|    builtin and then its argument prototype would still apply.  */
| #ifdef __cplusplus
| extern "C"
| #endif
| char ENGINE_cleanup ();
| int
| main ()
| {
| return ENGINE_cleanup ();
|   ;
|   return 0;
| }
configure:9602: result: no
configure:9613: checking for dlopen in -ldl
configure:9638: gcc -o conftest -g -O2   conftest.c -ldl  -lssl -lpthread  >&5
configure:9638: $? = 0
configure:9647: result: yes
configure:9658: checking for elf_version in -lelf
configure:9683: gcc -o conftest -g -O2   conftest.c -lelf  -ldl -lssl -lpthread  >&5
configure:9683: $? = 0
configure:9692: result: yes
configure:9703: checking for crc32 in -lz
configure:9728: gcc -o conftest -g -O2   conftest.c -lz  -lelf -ldl -lssl -lpthread  >&5
configure:9728: $? = 0
configure:9737: result: yes
configure:9748: checking for uuid_generate in -luuid
configure:9773: gcc -o conftest -g -O2   conftest.c -luuid  -lz -lelf -ldl -lssl -lpthread  >&5
configure:9773: $? = 0
configure:9782: result: yes
configure:9793: checking for shm_open in -lrt
configure:9818: gcc -o conftest -g -O2   conftest.c -lrt  -luuid -lz -lelf -ldl -lssl -lpthread  >&5
configure:9818: $? = 0
configure:9827: result: yes
configure:9980: checking that generated files are newer than configure
configure:9986: result: done
configure:10013: creating ./config.status

## ---------------------- ##
## Running config.status. ##
## ---------------------- ##

This file was extended by opentee-core config.status 0.0.0, which was
generated by GNU Autoconf 2.69.  Invocation command line was

  CONFIG_FILES    = 
  CONFIG_HEADERS  = 
  CONFIG_LINKS    = 
  CONFIG_COMMANDS = 
  $ ./config.status 

on nicolas-HP-Pavilion-Laptop-15-cw1xxx

config.status:1005: creating Makefile
config.status:1162: executing depfiles commands
config.status:1239: cd .       && sed -e '/# am--include-marker/d' Makefile         | make -f - am--depfiles
config.status:1244: $? = 0
config.status:1162: executing libtool commands

## ---------------- ##
## Cache variables. ##
## ---------------- ##

ac_cv_build=x86_64-pc-linux-gnu
ac_cv_c_compiler_gnu=yes
ac_cv_env_CC_set=
ac_cv_env_CC_value=
ac_cv_env_CFLAGS_set=
ac_cv_env_CFLAGS_value=
ac_cv_env_CPPFLAGS_set=
ac_cv_env_CPPFLAGS_value=
ac_cv_env_CPP_set=
ac_cv_env_CPP_value=
ac_cv_env_LDFLAGS_set=
ac_cv_env_LDFLAGS_value=
ac_cv_env_LIBS_set=
ac_cv_env_LIBS_value=
ac_cv_env_LT_SYS_LIBRARY_PATH_set=
ac_cv_env_LT_SYS_LIBRARY_PATH_value=
ac_cv_env_build_alias_set=
ac_cv_env_build_alias_value=
ac_cv_env_host_alias_set=
ac_cv_env_host_alias_value=
ac_cv_env_target_alias_set=
ac_cv_env_target_alias_value=
ac_cv_header_dlfcn_h=yes
ac_cv_header_inttypes_h=yes
ac_cv_header_memory_h=yes
ac_cv_header_minix_config_h=no
ac_cv_header_stdc=yes
ac_cv_header_stdint_h=yes
ac_cv_header_stdlib_h=yes
ac_cv_header_string_h=yes
ac_cv_header_strings_h=yes
ac_cv_header_sys_stat_h=yes
ac_cv_header_sys_types_h=yes
ac_cv_header_unistd_h=yes
ac_cv_host=x86_64-pc-linux-gnu
ac_cv_lib_crypto_ENGINE_cleanup=no
ac_cv_lib_dl_dlopen=yes
ac_cv_lib_elf_elf_version=yes
ac_cv_lib_pthread_pthread_create=yes
ac_cv_lib_rt_shm_open=yes
ac_cv_lib_ssl_SSL_CTX_new=yes
ac_cv_lib_uuid_uuid_generate=yes
ac_cv_lib_z_crc32=yes
ac_cv_objext=o
ac_cv_path_EGREP='/usr/bin/grep -E'
ac_cv_path_FGREP='/usr/bin/grep -F'
ac_cv_path_GREP=/usr/bin/grep
ac_cv_path_SED=/usr/bin/sed
ac_cv_path_install='/usr/bin/install -c'
ac_cv_path_lt_DD=/usr/bin/dd
ac_cv_path_mkdir=/usr/bin/mkdir
ac_cv_prog_AWK=mawk
ac_cv_prog_CPP='gcc -E'
ac_cv_prog_ac_ct_AR=ar
ac_cv_prog_ac_ct_CC=gcc
ac_cv_prog_ac_ct_MANIFEST_TOOL=mt
ac_cv_prog_ac_ct_OBJDUMP=objdump
ac_cv_prog_ac_ct_RANLIB=ranlib
ac_cv_prog_ac_ct_STRIP=strip
ac_cv_prog_cc_c89=
ac_cv_prog_cc_g=yes
ac_cv_prog_make_make_set=yes
ac_cv_safe_to_define___extensions__=yes
am_cv_CC_dependencies_compiler_type=gcc3
am_cv_make_support_nested_variables=yes
am_cv_prog_cc_c_o=yes
lt_cv_ar_at_file=@
lt_cv_archive_cmds_need_lc=no
lt_cv_deplibs_check_method=pass_all
lt_cv_file_magic_cmd='$MAGIC_CMD'
lt_cv_file_magic_test_file=
lt_cv_ld_reload_flag=-r
lt_cv_nm_interface='BSD nm'
lt_cv_objdir=.libs
lt_cv_path_LD=/usr/bin/ld
lt_cv_path_NM='/usr/bin/nm -B'
lt_cv_path_mainfest_tool=no
lt_cv_prog_compiler_c_o=yes
lt_cv_prog_compiler_pic='-fPIC -DPIC'
lt_cv_prog_compiler_pic_works=yes
lt_cv_prog_compiler_rtti_exceptions=no
lt_cv_prog_compiler_static_works=yes
lt_cv_prog_gnu_ld=yes
lt_cv_sharedlib_from_linklib_cmd='printf %s\n'
lt_cv_shlibpath_overrides_runpath=yes
lt_cv_sys_global_symbol_pipe='sed -n -e '\''s/^.*[	 ]\([ABCDGIRSTW][ABCDGIRSTW]*\)[	 ][	 ]*\([_A-Za-z][_A-Za-z0-9]*\)$/\1 \2 \2/p'\'' | sed '\''/ __gnu_lto/d'\'''
lt_cv_sys_global_symbol_to_c_name_address='sed -n -e '\''s/^: \(.*\) .*$/  {"\1", (void *) 0},/p'\'' -e '\''s/^[ABCDGIRSTW][ABCDGIRSTW]* .* \(.*\)$/  {"\1", (void *) \&\1},/p'\'''
lt_cv_sys_global_symbol_to_c_name_address_lib_prefix='sed -n -e '\''s/^: \(.*\) .*$/  {"\1", (void *) 0},/p'\'' -e '\''s/^[ABCDGIRSTW][ABCDGIRSTW]* .* \(lib.*\)$/  {"\1", (void *) \&\1},/p'\'' -e '\''s/^[ABCDGIRSTW][ABCDGIRSTW]* .* \(.*\)$/  {"lib\1", (void *) \&\1},/p'\'''
lt_cv_sys_global_symbol_to_cdecl='sed -n -e '\''s/^T .* \(.*\)$/extern int \1();/p'\'' -e '\''s/^[ABCDGIRSTW][ABCDGIRSTW]* .* \(.*\)$/extern char \1;/p'\'''
lt_cv_sys_global_symbol_to_import=
lt_cv_sys_max_cmd_len=1572864
lt_cv_to_host_file_cmd=func_convert_file_noop
lt_cv_to_tool_file_cmd=func_convert_file_noop
lt_cv_truncate_bin='/usr/bin/dd bs=4096 count=1'

## ----------------- ##
## Output variables. ##
## ----------------- ##

ACLOCAL='${SHELL} /home/nicolas/opentee/emulator/missing aclocal-1.16'
AMDEPBACKSLASH='\'
AMDEP_FALSE='#'
AMDEP_TRUE=''
AMTAR='$${TAR-tar}'
AM_BACKSLASH='\'
AM_DEFAULT_V='$(AM_DEFAULT_VERBOSITY)'
AM_DEFAULT_VERBOSITY='1'
AM_V='$(V)'
AR='ar'
AUTOCONF='${SHELL} /home/nicolas/opentee/emulator/missing autoconf'
AUTOHEADER='${SHELL} /home/nicolas/opentee/emulator/missing autoheader'
AUTOMAKE='${SHELL} /home/nicolas/opentee/emulator/missing automake-1.16'
AWK='mawk'
CC='gcc'
CCDEPMODE='depmode=gcc3'
CFLAGS='-g -O2'
CPP='gcc -E'
CPPFLAGS=''
CYGPATH_W='echo'
DEFS='-DPACKAGE_NAME=\"opentee-core\" -DPACKAGE_TARNAME=\"opentee-core\" -DPACKAGE_VERSION=\"0.0.0\" -DPACKAGE_STRING=\"opentee-core\ 0.0.0\" -DPACKAGE_BUGREPORT=\"https://github.com/Open-TEE/tee-engine/issues\" -DPACKAGE_URL=\"https://github.com/Open-TEE\" -DPACKAGE=\"opentee-core\" -DVERSION=\"0.0.0\" -DSTDC_HEADERS=1 -DHAVE_SYS_TYPES_H=1 -DHAVE_SYS_STAT_H=1 -DHAVE_STDLIB_H=1 -DHAVE_STRING_H=1 -DHAVE_MEMORY_H=1 -DHAVE_STRINGS_H=1 -DHAVE_INTTYPES_H=1 -DHAVE_STDINT_H=1 -DHAVE_UNISTD_H=1 -D__EXTENSIONS__=1 -D_ALL_SOURCE=1 -D_GNU_SOURCE=1 -D_POSIX_PTHREAD_SEMANTICS=1 -D_TANDEM_SOURCE=1 -DHAVE_DLFCN_H=1 -DLT_OBJDIR=\".libs/\" -DHAVE_LIBPTHREAD=1 -DHAVE_LIBSSL=1 -DHAVE_LIBDL=1 -DHAVE_LIBELF=1 -DHAVE_LIBZ=1 -DHAVE_LIBUUID=1 -DHAVE_LIBRT=1'
DEPDIR='.deps'
DLLTOOL='false'
DSYMUTIL=''
DUMPBIN=''
ECHO_C=''
ECHO_N='-n'
ECHO_T=''
EGREP='/usr/bin/grep -E'
EXEEXT=''
FGREP='/usr/bin/grep -F'
GREP='/usr/bin/grep'
INSTALL_DATA='${INSTALL} -m 644'
INSTALL_PROGRAM='${INSTALL}'
INSTALL_SCRIPT='${INSTALL}'
INSTALL_STRIP_PROGRAM='$(install_sh) -c -s'
LD='/usr/bin/ld -m elf_x86_64'
LDFLAGS=''
LIBOBJS=''
LIBS='-lrt -luuid -lz -lelf -ldl -lssl -lpthread '
LIBTOOL='$(SHELL) $(top_builddir)/libtool'
LIPO=''
LN_S='ln -s'
LTLIBOBJS=''
LT_SYS_LIBRARY_PATH=''
MAKEINFO='${SHELL} /home/nicolas/opentee/emulator/missing makeinfo'
MANIFEST_TOOL=':'
MKDIR_P='/usr/bin/mkdir -p'
NM='/usr/bin/nm -B'
NMEDIT=''
OBJDUMP='objdump'
OBJEXT='o'
OTOOL64=''
OTOOL=''
PACKAGE='opentee-core'
PACKAGE_BUGREPORT='https://github.com/Open-TEE/tee-engine/issues'
PACKAGE_NAME='opentee-core'
PACKAGE_STRING='opentee-core 0.0.0'
PACKAGE_TARNAME='opentee-core'
PACKAGE_URL='https://github.com/Open-TEE'
PACKAGE_VERSION='0.0.0'
PATH_SEPARATOR=':'
RANLIB='ranlib'
SED='/usr/bin/sed'
SET_MAKE=''
SHELL='/bin/bash'
STRIP='strip'
VERSION='0.0.0'
ac_ct_AR='ar'
ac_ct_CC='gcc'
ac_ct_DUMPBIN=''
am__EXEEXT_FALSE=''
am__EXEEXT_TRUE='#'
am__fastdepCC_FALSE='#'
am__fastdepCC_TRUE=''
am__include='include'
am__isrc=' -I$(srcdir)'
am__leading_dot='.'
am__nodep='_no'
am__quote=''
am__tar='$${TAR-tar} chof - "$$tardir"'
am__untar='$${TAR-tar} xf -'
bindir='${exec_prefix}/bin'
build='x86_64-pc-linux-gnu'
build_alias=''
build_cpu='x86_64'
build_os='linux-gnu'
build_vendor='pc'
datadir='${datarootdir}'
datarootdir='${prefix}/share'
docdir='${datarootdir}/doc/${PACKAGE_TARNAME}'
dvidir='${docdir}'
exec_prefix='${prefix}'
host='x86_64-pc-linux-gnu'
host_alias=''
host_cpu='x86_64'
host_os='linux-gnu'
host_vendor='pc'
htmldir='${docdir}'
includedir='${prefix}/include'
infodir='${datarootdir}/info'
install_sh='${SHELL} /home/nicolas/opentee/emulator/install-sh'
libdir='${exec_prefix}/lib'
libexecdir='${exec_prefix}/libexec'
localedir='${datarootdir}/locale'
localstatedir='${prefix}/var'
mandir='${datarootdir}/man'
mkdir_p='$(MKDIR_P)'
oldincludedir='/usr/include'
pdfdir='${docdir}'
prefix='/opt/OpenTee'
program_transform_name='s,x,x,'
psdir='${docdir}'
runstatedir='${localstatedir}/run'
sbindir='${exec_prefix}/sbin'
sharedstatedir='${prefix}/com'
sysconfdir='${prefix}/etc'
target_alias=''

## ----------- ##
## confdefs.h. ##
## ----------- ##

/* confdefs.h */
#define PACKAGE_NAME "opentee-core"
#define PACKAGE_TARNAME "opentee-core"
#define PACKAGE_VERSION "0.0.0"
#define PACKAGE_STRING "opentee-core 0.0.0"
#define PACKAGE_BUGREPORT "https://github.com/Open-TEE/tee-engine/issues"
#define PACKAGE_URL "https://github.com/Open-TEE"
#define PACKAGE "opentee-core"
#define VERSION "0.0.0"
#define STDC_HEADERS 1
#define HAVE_SYS_TYPES_H 1
#define HAVE_SYS_STAT_H 1
#define HAVE_STDLIB_H 1
#define HAVE_STRING_H 1
#define HAVE_MEMORY_H 1
#define HAVE_STRINGS_H 1
#define HAVE_INTTYPES_H 1
#define HAVE_STDINT_H 1
#define HAVE_UNISTD_H 1
#define __EXTENSIONS__ 1
#define _ALL_SOURCE 1
#define _GNU_SOURCE 1
#define _POSIX_PTHREAD_SEMANTICS 1
#define _TANDEM_SOURCE 1
#define HAVE_DLFCN_H 1
#define LT_OBJDIR ".libs/"
#define HAVE_LIBPTHREAD 1
#define HAVE_LIBSSL 1
#define HAVE_LIBDL 1
#define HAVE_LIBELF 1
#define HAVE_LIBZ 1
#define HAVE_LIBUUID 1
#define HAVE_LIBRT 1

configure: exit 0
